2026-03-29 16:40:11,090 - root - INFO - Sending POST request to https://testnet.binancefuture.com/fapi/v1/order
2026-03-29 16:40:11,091 - root - INFO - Payload: {'symbol': 'BTCUSDT', 'side': 'BUY', 'type': 'MARKET', 'quantity': 0.01, 'timestamp': 1774782611086, 'signature': '55fb8052fa2c741a511d7abed46046838aa99079d357fc2eb51391de6e024f8e'}
2026-03-29 16:40:12,925 - root - INFO - Response (401): {"code":-2014,"msg":"API-key format invalid."}
2026-03-29 16:40:12,926 - root - ERROR - Binance API Error 401: API-key format invalid. (Code: -2014)
2026-03-29 16:40:34,955 - root - INFO - Sending POST request to https://testnet.binancefuture.com/fapi/v1/order
2026-03-29 16:40:34,956 - root - INFO - Payload: {'symbol': 'BTCUSDT', 'side': 'BUY', 'type': 'MARKET', 'quantity': 0.01, 'timestamp': 1774782634955, 'signature': 'aa34ab3f9a839e190754b4188c960b4a0fe66c42d81d4dba74faa4b35e113124'}
2026-03-29 16:40:35,909 - root - INFO - Response (401): {"code":-2014,"msg":"API-key format invalid."}
2026-03-29 16:40:35,909 - root - ERROR - Binance API Error 401: API-key format invalid. (Code: -2014)
2026-03-29 16:40:35,909 - root - ERROR - Order failed: API Error [-2014]: API-key format invalid.
2026-03-29 17:50:13,284 - root - INFO - Sending POST request to https://testnet.binancefuture.com/fapi/v1/order
2026-03-29 17:50:13,286 - root - INFO - Payload: {'symbol': 'BTCUSDT', 'side': 'BUY', 'type': 'MARKET', 'quantity': 0.001, 'timestamp': 1774786813277, 'signature': 'b34fc984dfb305a5c5918001d761daff8965fe85756626990f8fb89bae9f81fc'}
2026-03-29 17:50:14,484 - root - INFO - Response (401): {"code":-2014,"msg":"API-key format invalid."}
2026-03-29 17:50:14,485 - root - ERROR - Binance API Error 401: API-key format invalid. (Code: -2014)
2026-03-29 17:50:14,490 - root - ERROR - Order failed: API Error [-2014]: API-key format invalid.
2026-03-29 17:51:02,493 - root - INFO - Sending POST request to https://testnet.binancefuture.com/fapi/v1/order
2026-03-29 17:51:02,497 - root - INFO - Payload: {'symbol': 'BTCUSDT', 'side': 'BUY', 'type': 'MARKET', 'quantity': 0.001, 'timestamp': 1774786862491, 'signature': '0b7ac10e8b1360cfc857aac7e035e145327605c1dbc3f12a5cca3539a253d1dd'}
2026-03-29 17:51:03,925 - root - INFO - Response (400): {"code":-4164,"msg":"Order's notional must be no smaller than 100 (unless you choose reduce only)."}
2026-03-29 17:51:03,927 - root - ERROR - Binance API Error 400: Order's notional must be no smaller than 100 (unless you choose reduce only). (Code: -4164)
2026-03-29 17:51:03,931 - root - ERROR - Order failed: API Error [-4164]: Order's notional must be no smaller than 100 (unless you choose reduce only).
2026-03-29 17:51:59,539 - root - INFO - Sending POST request to https://testnet.binancefuture.com/fapi/v1/order
2026-03-29 17:51:59,540 - root - INFO - Payload: {'symbol': 'BTCUSDT', 'side': 'BUY', 'type': 'MARKET', 'quantity': 0.001, 'timestamp': 1774786919537, 'signature': 'e9f34671b8dd972e1cddd3d46b240414f7cf9c8fae45f166d999e86163683e7e'}
2026-03-29 17:52:01,192 - root - INFO - Response (400): {"code":-4164,"msg":"Order's notional must be no smaller than 100 (unless you choose reduce only)."}
2026-03-29 17:52:01,192 - root - ERROR - Binance API Error 400: Order's notional must be no smaller than 100 (unless you choose reduce only). (Code: -4164)
2026-03-29 17:52:01,202 - root - ERROR - Order failed: API Error [-4164]: Order's notional must be no smaller than 100 (unless you choose reduce only).
2026-03-29 17:52:51,461 - root - INFO - Sending POST request to https://testnet.binancefuture.com/fapi/v1/order
2026-03-29 17:52:51,467 - root - INFO - Payload: {'symbol': 'BTCUSDT', 'side': 'BUY', 'type': 'MARKET', 'quantity': 0.002, 'timestamp': 1774786971456, 'signature': '33f08920a46664f70d55b9e18fb95e6cbd6fba342478e8f0734572a7715758a4'}
2026-03-29 17:52:52,896 - root - INFO - Response (200): {"orderId":13006554290,"symbol":"BTCUSDT","status":"NEW","clientOrderId":"oUsMvWo2NKENOoJJ9fs5FV","price":"0.00","avgPrice":"0.00","origQty":"0.002","executedQty":"0.000","cumQty":"0.000","cumQuote":"0.00000","timeInForce":"GTC","type":"MARKET","reduceOnly":false,"closePosition":false,"side":"BUY","positionSide":"BOTH","stopPrice":"0.00","workingType":"CONTRACT_PRICE","priceProtect":false,"origType":"MARKET","priceMatch":"NONE","selfTradePreventionMode":"EXPIRE_MAKER","goodTillDate":0,"updateTime":1774786972920}
2026-03-29 17:52:52,910 - root - INFO - Order successful. Order ID: 13006554290
2026-03-29 18:04:51,115 - root - INFO - Sending POST request to https://testnet.binancefuture.com/fapi/v1/order
2026-03-29 18:04:51,116 - root - INFO - Payload: {'symbol': 'BTCUSDT', 'side': 'BUY', 'type': 'MARKET', 'quantity': 0.002, 'timestamp': 1774787691106, 'signature': '758bc0b312e584d3d84b590b23d63cd1cb2d458f0dcbdea47ec1146ccf066f33'}
2026-03-29 18:04:52,293 - root - INFO - Response (200): {"orderId":13006572238,"symbol":"BTCUSDT","status":"NEW","clientOrderId":"0xjXnYvrvmqlraHp1iz0L5","price":"0.00","avgPrice":"0.00","origQty":"0.002","executedQty":"0.000","cumQty":"0.000","cumQuote":"0.00000","timeInForce":"GTC","type":"MARKET","reduceOnly":false,"closePosition":false,"side":"BUY","positionSide":"BOTH","stopPrice":"0.00","workingType":"CONTRACT_PRICE","priceProtect":false,"origType":"MARKET","priceMatch":"NONE","selfTradePreventionMode":"EXPIRE_MAKER","goodTillDate":0,"updateTime":1774787692330}
2026-03-29 18:04:52,467 - root - INFO - Order successful. Order ID: 13006572238
2026-03-29 18:07:01,522 - root - INFO - Sending POST request to https://testnet.binancefuture.com/fapi/v1/order
2026-03-29 18:07:01,523 - root - INFO - Payload: {'symbol': 'BTCUSDT', 'side': 'SELL', 'type': 'MARKET', 'quantity': 0.002, 'timestamp': 1774787821519, 'signature': 'aa6c807e95036a546389606d8626dfe9c808d25a97d5a178e39cf2850250e7f6'}
2026-03-29 18:07:03,157 - root - INFO - Response (200): {"orderId":13006575085,"symbol":"BTCUSDT","status":"NEW","clientOrderId":"d2Qy4dsmsdRef58i8oPfcx","price":"0.00","avgPrice":"0.00","origQty":"0.002","executedQty":"0.000","cumQty":"0.000","cumQuote":"0.00000","timeInForce":"GTC","type":"MARKET","reduceOnly":false,"closePosition":false,"side":"SELL","positionSide":"BOTH","stopPrice":"0.00","workingType":"CONTRACT_PRICE","priceProtect":false,"origType":"MARKET","priceMatch":"NONE","selfTradePreventionMode":"EXPIRE_MAKER","goodTillDate":0,"updateTime":1774787823196}
2026-03-29 18:07:03,165 - root - INFO - Order successful. Order ID: 13006575085
2026-03-29 18:07:46,911 - root - INFO - Sending POST request to https://testnet.binancefuture.com/fapi/v1/order
2026-03-29 18:07:46,912 - root - INFO - Payload: {'symbol': 'BTCUSDT', 'side': 'BUY', 'type': 'LIMIT', 'quantity': 0.002, 'price': 50000.0, 'timeInForce': 'GTC', 'timestamp': 1774787866909, 'signature': 'f53a2e1e285de0a8898b6b43fc875fdf55b85909ffacb43859ee7cc5654d099d'}
2026-03-29 18:07:48,128 - root - INFO - Response (200): {"orderId":13006576095,"symbol":"BTCUSDT","status":"NEW","clientOrderId":"EbXmcOz7XPyno5hsADuiZj","price":"50000.00","avgPrice":"0.00","origQty":"0.002","executedQty":"0.000","cumQty":"0.000","cumQuote":"0.00000","timeInForce":"GTC","type":"LIMIT","reduceOnly":false,"closePosition":false,"side":"BUY","positionSide":"BOTH","stopPrice":"0.00","workingType":"CONTRACT_PRICE","priceProtect":false,"origType":"LIMIT","priceMatch":"NONE","selfTradePreventionMode":"EXPIRE_MAKER","goodTillDate":0,"updateTime":1774787868104}
2026-03-29 18:07:48,141 - root - INFO - Order successful. Order ID: 13006576095
2026-03-29 18:08:25,497 - root - INFO - Sending POST request to https://testnet.binancefuture.com/fapi/v1/order
2026-03-29 18:08:25,499 - root - INFO - Payload: {'symbol': 'BTCUSDT', 'side': 'BUY', 'type': 'MARKET', 'quantity': 0.002, 'timestamp': 1774787905488, 'signature': '728f59d8e4dbaf67f96fbe0d71beef818dfeb58d3fd83969f834e1b6d6bb4b17'}
2026-03-29 18:08:28,978 - root - INFO - Response (200): {"orderId":13006576978,"symbol":"BTCUSDT","status":"NEW","clientOrderId":"HlAZzjLXKbDvp7eTCKE5gt","price":"0.00","avgPrice":"0.00","origQty":"0.002","executedQty":"0.000","cumQty":"0.000","cumQuote":"0.00000","timeInForce":"GTC","type":"MARKET","reduceOnly":false,"closePosition":false,"side":"BUY","positionSide":"BOTH","stopPrice":"0.00","workingType":"CONTRACT_PRICE","priceProtect":false,"origType":"MARKET","priceMatch":"NONE","selfTradePreventionMode":"EXPIRE_MAKER","goodTillDate":0,"updateTime":1774787909005}
2026-03-29 18:08:28,987 - root - INFO - Order successful. Order ID: 13006576978
2026-03-29 18:09:06,495 - root - INFO - Sending POST request to https://testnet.binancefuture.com/fapi/v1/order
2026-03-29 18:09:06,496 - root - INFO - Payload: {'symbol': 'BTCUSDT', 'side': 'SELL', 'type': 'MARKET', 'quantity': 0.002, 'timestamp': 1774787946493, 'signature': '48b3d9d427789bd5bffe52130f75e78bfaa42c1544399c81a2eda68d1b28e760'}
2026-03-29 18:09:11,170 - root - INFO - Response (200): {"orderId":13006577752,"symbol":"BTCUSDT","status":"NEW","clientOrderId":"KfqOshKGw5ua82r6VngEB7","price":"0.00","avgPrice":"0.00","origQty":"0.002","executedQty":"0.000","cumQty":"0.000","cumQuote":"0.00000","timeInForce":"GTC","type":"MARKET","reduceOnly":false,"closePosition":false,"side":"SELL","positionSide":"BOTH","stopPrice":"0.00","workingType":"CONTRACT_PRICE","priceProtect":false,"origType":"MARKET","priceMatch":"NONE","selfTradePreventionMode":"EXPIRE_MAKER","goodTillDate":0,"updateTime":1774787950896}
2026-03-29 18:09:11,174 - root - INFO - Order successful. Order ID: 13006577752
2026-03-29 18:28:00,564 - root - INFO - Sending POST request to https://testnet.binancefuture.com/fapi/v1/order
2026-03-29 18:28:00,565 - root - INFO - Payload: {'symbol': 'BTCUSDT', 'side': 'BUY', 'type': 'MARKET', 'quantity': 0.002, 'timestamp': 1774789080561, 'signature': 'c5d5c61c0692e91d269d759843bcb44e65694632757fc1a4e4cad5add5a89fc0'}
2026-03-29 18:28:01,824 - root - INFO - Response (200): {"orderId":13006601734,"symbol":"BTCUSDT","status":"NEW","clientOrderId":"SFrhUaUq7PVnRswO5azZFu","price":"0.00","avgPrice":"0.00","origQty":"0.002","executedQty":"0.000","cumQty":"0.000","cumQuote":"0.00000","timeInForce":"GTC","type":"MARKET","reduceOnly":false,"closePosition":false,"side":"BUY","positionSide":"BOTH","stopPrice":"0.00","workingType":"CONTRACT_PRICE","priceProtect":false,"origType":"MARKET","priceMatch":"NONE","selfTradePreventionMode":"EXPIRE_MAKER","goodTillDate":0,"updateTime":1774789081893}
2026-03-29 18:28:01,827 - root - INFO - Order successful. Order ID: 13006601734
2026-03-29 18:29:10,678 - root - INFO - Sending POST request to https://testnet.binancefuture.com/fapi/v1/order
2026-03-29 18:29:10,678 - root - INFO - Payload: {'symbol': 'BTCUSDT', 'side': 'SELL', 'type': 'MARKET', 'quantity': 0.002, 'timestamp': 1774789150676, 'signature': '44190417c09633f51e401dce9f61a352883ac8a0acecb1f1d3783e8c049a1128'}
2026-03-29 18:29:11,619 - root - INFO - Response (200): {"orderId":13006602990,"symbol":"BTCUSDT","status":"NEW","clientOrderId":"Hf6Z4SQ1pYbXeHGmeCAIiw","price":"0.00","avgPrice":"0.00","origQty":"0.002","executedQty":"0.000","cumQty":"0.000","cumQuote":"0.00000","timeInForce":"GTC","type":"MARKET","reduceOnly":false,"closePosition":false,"side":"SELL","positionSide":"BOTH","stopPrice":"0.00","workingType":"CONTRACT_PRICE","priceProtect":false,"origType":"MARKET","priceMatch":"NONE","selfTradePreventionMode":"EXPIRE_MAKER","goodTillDate":0,"updateTime":1774789151696}
2026-03-29 18:29:11,625 - root - INFO - Order successful. Order ID: 13006602990
2026-03-29 18:29:25,514 - root - INFO - Sending POST request to https://testnet.binancefuture.com/fapi/v1/order
2026-03-29 18:29:25,514 - root - INFO - Payload: {'symbol': 'BTCUSDT', 'side': 'BUY', 'type': 'LIMIT', 'quantity': 0.002, 'price': 50000.0, 'timeInForce': 'GTC', 'timestamp': 1774789165514, 'signature': '07e84b9c814c79974a2bcbd40d256fdb9ffe69e6ff6716699048f27e3ccb1c50'}
2026-03-29 18:29:26,385 - root - INFO - Response (200): {"orderId":13006603253,"symbol":"BTCUSDT","status":"NEW","clientOrderId":"yS5zFSUA8fuevtRo7Csxbw","price":"50000.00","avgPrice":"0.00","origQty":"0.002","executedQty":"0.000","cumQty":"0.000","cumQuote":"0.00000","timeInForce":"GTC","type":"LIMIT","reduceOnly":false,"closePosition":false,"side":"BUY","positionSide":"BOTH","stopPrice":"0.00","workingType":"CONTRACT_PRICE","priceProtect":false,"origType":"LIMIT","priceMatch":"NONE","selfTradePreventionMode":"EXPIRE_MAKER","goodTillDate":0,"updateTime":1774789166470}
2026-03-29 18:29:26,388 - root - INFO - Order successful. Order ID: 13006603253
2026-03-29 18:33:40,914 - root - INFO - Sending POST request to https://testnet.binancefuture.com/fapi/v1/order
2026-03-29 18:33:40,916 - root - INFO - Payload: {'symbol': 'BTCUSDT', 'side': 'BUY', 'type': 'LIMIT', 'quantity': 0.002, 'price': 50000.0, 'timeInForce': 'GTC', 'timestamp': 1774789420908, 'signature': '5d4f2a71aacf20e6f22d259b1bd2d58eecb31199b0f1de20af540291daad7105'}
2026-03-29 18:33:43,045 - root - INFO - Response (200): {"orderId":13006608939,"symbol":"BTCUSDT","status":"NEW","clientOrderId":"epXMsExncsMO10xhUBiCif","price":"50000.00","avgPrice":"0.00","origQty":"0.002","executedQty":"0.000","cumQty":"0.000","cumQuote":"0.00000","timeInForce":"GTC","type":"LIMIT","reduceOnly":false,"closePosition":false,"side":"BUY","positionSide":"BOTH","stopPrice":"0.00","workingType":"CONTRACT_PRICE","priceProtect":false,"origType":"LIMIT","priceMatch":"NONE","selfTradePreventionMode":"EXPIRE_MAKER","goodTillDate":0,"updateTime":1774789423127}
2026-03-29 18:33:43,059 - root - INFO - Order successful. Order ID: 13006608939
2026-03-29 18:50:58,031 - root - INFO - Sending POST request to https://testnet.binancefuture.com/fapi/v1/order
2026-03-29 18:50:58,032 - root - INFO - Payload: {'symbol': 'BTCUSDT', 'side': 'BUY', 'type': 'MARKET', 'quantity': 0.002, 'timestamp': 1774790458028, 'signature': 'f0cc91e58166861d6e1a9c84e4d58e936a016f1cfac4b15d081db8779e879eca'}
2026-03-29 18:51:00,101 - root - INFO - Response (200): {"orderId":13006635245,"symbol":"BTCUSDT","status":"NEW","clientOrderId":"c1YI19UHF0kQkqsB73d6Wi","price":"0.00","avgPrice":"0.00","origQty":"0.002","executedQty":"0.000","cumQty":"0.000","cumQuote":"0.00000","timeInForce":"GTC","type":"MARKET","reduceOnly":false,"closePosition":false,"side":"BUY","positionSide":"BOTH","stopPrice":"0.00","workingType":"CONTRACT_PRICE","priceProtect":false,"origType":"MARKET","priceMatch":"NONE","selfTradePreventionMode":"EXPIRE_MAKER","goodTillDate":0,"updateTime":1774790460214}
2026-03-29 18:51:00,104 - root - INFO - Order successful. Order ID: 13006635245
2026-03-29 18:51:24,281 - root - INFO - Sending POST request to https://testnet.binancefuture.com/fapi/v1/order
2026-03-29 18:51:24,282 - root - INFO - Payload: {'symbol': 'BTCUSDT', 'side': 'BUY', 'type': 'LIMIT', 'quantity': 0.002, 'price': 50000.0, 'timeInForce': 'GTC', 'timestamp': 1774790484280, 'signature': '11a9411fed2fe0bf7a4494a0d4eae2ef83863beaccf8ce2b62f6b2abc240e81c'}
2026-03-29 18:51:25,124 - root - INFO - Response (200): {"orderId":13006635722,"symbol":"BTCUSDT","status":"NEW","clientOrderId":"GU1gFcNxjJuznUedWnP4nt","price":"50000.00","avgPrice":"0.00","origQty":"0.002","executedQty":"0.000","cumQty":"0.000","cumQuote":"0.00000","timeInForce":"GTC","type":"LIMIT","reduceOnly":false,"closePosition":false,"side":"BUY","positionSide":"BOTH","stopPrice":"0.00","workingType":"CONTRACT_PRICE","priceProtect":false,"origType":"LIMIT","priceMatch":"NONE","selfTradePreventionMode":"EXPIRE_MAKER","goodTillDate":0,"updateTime":1774790485239}
2026-03-29 18:51:25,129 - root - INFO - Order successful. Order ID: 13006635722
2026-03-29 18:52:58,942 - root - INFO - Sending POST request to https://testnet.binancefuture.com/fapi/v1/order
2026-03-29 18:52:58,943 - root - INFO - Payload: {'symbol': 'BTCUSDT', 'side': 'BUY', 'type': 'MARKET', 'quantity': 0.002, 'timestamp': 1774790578940, 'signature': '9cc3fd399127359a737443247b3bfab77acc9200d01cc017093e3965c42e7a01'}
2026-03-29 18:52:59,953 - root - INFO - Response (200): {"orderId":13006638031,"symbol":"BTCUSDT","status":"NEW","clientOrderId":"C2IDZQkSoU5iDr5q57ivJl","price":"0.00","avgPrice":"0.00","origQty":"0.002","executedQty":"0.000","cumQty":"0.000","cumQuote":"0.00000","timeInForce":"GTC","type":"MARKET","reduceOnly":false,"closePosition":false,"side":"BUY","positionSide":"BOTH","stopPrice":"0.00","workingType":"CONTRACT_PRICE","priceProtect":false,"origType":"MARKET","priceMatch":"NONE","selfTradePreventionMode":"EXPIRE_MAKER","goodTillDate":0,"updateTime":1774790580066}
2026-03-29 18:53:04,962 - root - INFO - Sending POST request to https://testnet.binancefuture.com/fapi/v1/order
2026-03-29 18:53:04,962 - root - INFO - Payload: {'symbol': 'BTCUSDT', 'side': 'SELL', 'type': 'MARKET', 'quantity': 0.002, 'timestamp': 1774790584962, 'signature': '88b509a28ffc511bdbbce2d1b8d04b0cbf2572f042a8e16a13b373813b7f48f7'}
2026-03-29 18:53:05,118 - root - INFO - Response (200): {"orderId":13006638144,"symbol":"BTCUSDT","status":"NEW","clientOrderId":"QSyjpLZVEoBXxaOpADSpOu","price":"0.00","avgPrice":"0.00","origQty":"0.002","executedQty":"0.000","cumQty":"0.000","cumQuote":"0.00000","timeInForce":"GTC","type":"MARKET","reduceOnly":false,"closePosition":false,"side":"SELL","positionSide":"BOTH","stopPrice":"0.00","workingType":"CONTRACT_PRICE","priceProtect":false,"origType":"MARKET","priceMatch":"NONE","selfTradePreventionMode":"EXPIRE_MAKER","goodTillDate":0,"updateTime":1774790585237}
2026-03-29 18:54:12,654 - root - INFO - Sending POST request to https://testnet.binancefuture.com/fapi/v1/order
2026-03-29 18:54:12,657 - root - INFO - Payload: {'symbol': 'BTCUSDT', 'side': 'SELL', 'type': 'MARKET', 'quantity': 0.002, 'timestamp': 1774790652646, 'signature': '84947652b63d6e19152e459816d1262722d7451f25c4c1600bc47333f73cce6e'}
2026-03-29 18:54:15,104 - root - INFO - Response (200): {"orderId":13006639565,"symbol":"BTCUSDT","status":"NEW","clientOrderId":"vb7xYUe3Z05HjjrmprmevK","price":"0.00","avgPrice":"0.00","origQty":"0.002","executedQty":"0.000","cumQty":"0.000","cumQuote":"0.00000","timeInForce":"GTC","type":"MARKET","reduceOnly":false,"closePosition":false,"side":"SELL","positionSide":"BOTH","stopPrice":"0.00","workingType":"CONTRACT_PRICE","priceProtect":false,"origType":"MARKET","priceMatch":"NONE","selfTradePreventionMode":"EXPIRE_MAKER","goodTillDate":0,"updateTime":1774790655217}
2026-03-29 18:54:15,108 - root - INFO - Order successful. Order ID: 13006639565
2026-03-29 18:54:32,566 - root - INFO - Sending POST request to https://testnet.binancefuture.com/fapi/v1/order
2026-03-29 18:54:32,568 - root - INFO - Payload: {'symbol': 'BTCUSDT', 'side': 'SELL', 'type': 'LIMIT', 'quantity': 0.002, 'price': 70000.0, 'timeInForce': 'GTC', 'timestamp': 1774790672562, 'signature': 'fa42be0c6f2ac2a8c4ab62bd80b2384c896e97643f22164d243b43d7f0ee3737'}
2026-03-29 18:54:33,660 - root - INFO - Response (200): {"orderId":13006639878,"symbol":"BTCUSDT","status":"NEW","clientOrderId":"a0ZgS7hrrzCsZ9IMxWEiwe","price":"70000.00","avgPrice":"0.00","origQty":"0.002","executedQty":"0.000","cumQty":"0.000","cumQuote":"0.00000","timeInForce":"GTC","type":"LIMIT","reduceOnly":false,"closePosition":false,"side":"SELL","positionSide":"BOTH","stopPrice":"0.00","workingType":"CONTRACT_PRICE","priceProtect":false,"origType":"LIMIT","priceMatch":"NONE","selfTradePreventionMode":"EXPIRE_MAKER","goodTillDate":0,"updateTime":1774790673773}
2026-03-29 18:54:33,664 - root - INFO - Order successful. Order ID: 13006639878
2026-03-29 18:55:06,077 - root - INFO - Sending POST request to https://testnet.binancefuture.com/fapi/v1/order
2026-03-29 18:55:06,078 - root - INFO - Payload: {'symbol': 'BTCUSDT', 'side': 'SELL', 'type': 'MARKET', 'quantity': 0.002, 'timestamp': 1774790706075, 'signature': 'cf7a87c87bbab6ebf80b2d8d9bf3e70b6de33c2c1d771d2122a06897963fd648'}
2026-03-29 18:55:07,096 - root - INFO - Response (200): {"orderId":13006640753,"symbol":"BTCUSDT","status":"NEW","clientOrderId":"qyf3kbaeWWSalr0JVuN4VD","price":"0.00","avgPrice":"0.00","origQty":"0.002","executedQty":"0.000","cumQty":"0.000","cumQuote":"0.00000","timeInForce":"GTC","type":"MARKET","reduceOnly":false,"closePosition":false,"side":"SELL","positionSide":"BOTH","stopPrice":"0.00","workingType":"CONTRACT_PRICE","priceProtect":false,"origType":"MARKET","priceMatch":"NONE","selfTradePreventionMode":"EXPIRE_MAKER","goodTillDate":0,"updateTime":1774790707212}
2026-03-29 18:55:07,101 - root - INFO - Order successful. Order ID: 13006640753
